
Showing logs for build [32mcb-kubecd-bdd-gh-1568403394-pr-1[0m stage [32mmeta-pipeline[0m and container [32mstep-credential-initializer-qd5lk[0m
{"level":"warn","ts":1568403669.8858097,"logger":"fallback-logger","caller":"logging/config.go:69","msg":"Fetch GitHub commit ID from kodata failed: \"ref: refs/heads/master\" is not a valid GitHub commit ID"}
{"level":"info","ts":1568403669.886746,"logger":"fallback-logger","caller":"creds-init/main.go:40","msg":"Credentials initialized."}

Showing logs for build [32mcb-kubecd-bdd-gh-1568403394-pr-1[0m stage [32mmeta-pipeline[0m and container [32mstep-working-dir-initializer-z2ftp[0m
{"level":"warn","ts":1568403670.8895028,"logger":"fallback-logger","caller":"logging/config.go:69","msg":"Fetch GitHub commit ID from kodata failed: open /var/run/ko/HEAD: no such file or directory"}
{"level":"info","ts":1568403670.8906245,"logger":"fallback-logger","caller":"bash/main.go:65","msg":"Successfully executed command \"mkdir -p /workspace/source\""}

Showing logs for build [32mcb-kubecd-bdd-gh-1568403394-pr-1[0m stage [32mmeta-pipeline[0m and container [32mstep-place-tools[0m

Showing logs for build [32mcb-kubecd-bdd-gh-1568403394-pr-1[0m stage [32mmeta-pipeline[0m and container [32mstep-git-source-meta-cb-kubecd-bdd-gh-156840339-p8dmw[0m
{"level":"warn","ts":1568403675.9675632,"logger":"fallback-logger","caller":"logging/config.go:69","msg":"Fetch GitHub commit ID from kodata failed: \"ref: refs/heads/master\" is not a valid GitHub commit ID"}
{"level":"info","ts":1568403677.0519044,"logger":"fallback-logger","caller":"git/git.go:102","msg":"Successfully cloned https://github.com/cb-kubecd/bdd-gh-1568403394.git @ c174fd889cc8b934004367bdd628f9018c7905c4 in path /workspace/source"}

Showing logs for build [32mcb-kubecd-bdd-gh-1568403394-pr-1[0m stage [32mmeta-pipeline[0m and container [32mstep-git-merge[0m
Using SHAs from PULL_REFS=master:c174fd889cc8b934004367bdd628f9018c7905c4,1:37cd5869d306d8cb8e2f37a1de975efc27ce5dd3
DEBUG: ran git fetch --unshallow origin 37cd5869d306d8cb8e2f37a1de975efc27ce5dd3: c174fd889cc8b934004367bdd628f9018c7905c4: in 
DEBUG: ran git checkout master in 
DEBUG: ran git reset --hard c174fd889cc8b934004367bdd628f9018c7905c4 in 
DEBUG: ran clean --force -d . in 
DEBUG: ran git merge 37cd5869d306d8cb8e2f37a1de975efc27ce5dd3 in 
Merged SHA 37cd5869d306d8cb8e2f37a1de975efc27ce5dd3 with commit message 'My first PR commit' into base branch master

Showing logs for build [32mcb-kubecd-bdd-gh-1568403394-pr-1[0m stage [32mmeta-pipeline[0m and container [32mstep-merge-pull-refs[0m
DEBUG: ran git fetch origin 37cd5869d306d8cb8e2f37a1de975efc27ce5dd3: c174fd889cc8b934004367bdd628f9018c7905c4: in 
DEBUG: Unshallowed git repo in 
DEBUG: ran git checkout master in 
DEBUG: ran git reset --hard c174fd889cc8b934004367bdd628f9018c7905c4 in 
DEBUG: ran clean --force -d . in 
DEBUG: ran git merge 37cd5869d306d8cb8e2f37a1de975efc27ce5dd3 in 
Merged SHA 37cd5869d306d8cb8e2f37a1de975efc27ce5dd3 with commit message 'My first PR commit' into base branch master

Showing logs for build [32mcb-kubecd-bdd-gh-1568403394-pr-1[0m stage [32mmeta-pipeline[0m and container [32mstep-create-effective-pipeline[0m
Deleting and cloning the Jenkins X versions repo
Cloning the Jenkins X versions repo https://github.com/jenkins-x/jenkins-x-versions.git with ref refs/heads/master to /builder/home/.**/jenkins-x-versions
Effective pipeline written to jenkins-x-serverless-jenkins-effective.yml

Showing logs for build [32mcb-kubecd-bdd-gh-1568403394-pr-1[0m stage [32mmeta-pipeline[0m and container [32mstep-create-tekton-crds[0m
PipelineActivity for cb-kubecd-bdd-gh-1568403394-PR-1-1
Applying changes 
upserted PipelineResource cb-kubecd-bdd-gh-1568403394-pr for the git repository https://github.com/cb-kubecd/bdd-gh-1568403394.git
upserted Task cb-kubecd-bdd-gh-1568403394-pr-from-build-pack-1
upserted Pipeline cb-kubecd-bdd-gh-1568403394-pr-1
created PipelineRun cb-kubecd-bdd-gh-1568403394-pr-1
created PipelineStructure cb-kubecd-bdd-gh-1568403394-pr-1

Showing logs for build [32mcb-kubecd-bdd-gh-1568403394-pr-1[0m stage [32mfrom-build-pack[0m and container [32mstep-credential-initializer-gqwpv[0m
{"level":"warn","ts":1568403689.1985278,"logger":"fallback-logger","caller":"logging/config.go:69","msg":"Fetch GitHub commit ID from kodata failed: \"ref: refs/heads/master\" is not a valid GitHub commit ID"}
{"level":"info","ts":1568403689.1991956,"logger":"fallback-logger","caller":"creds-init/main.go:40","msg":"Credentials initialized."}

Showing logs for build [32mcb-kubecd-bdd-gh-1568403394-pr-1[0m stage [32mfrom-build-pack[0m and container [32mstep-working-dir-initializer-5m5qj[0m
{"level":"warn","ts":1568403690.1613424,"logger":"fallback-logger","caller":"logging/config.go:69","msg":"Fetch GitHub commit ID from kodata failed: open /var/run/ko/HEAD: no such file or directory"}
{"level":"info","ts":1568403690.162757,"logger":"fallback-logger","caller":"bash/main.go:65","msg":"Successfully executed command \"mkdir -p /workspace/source /workspace/source/charts/preview\""}

Showing logs for build [32mcb-kubecd-bdd-gh-1568403394-pr-1[0m stage [32mfrom-build-pack[0m and container [32mstep-place-tools[0m

Showing logs for build [32mcb-kubecd-bdd-gh-1568403394-pr-1[0m stage [32mfrom-build-pack[0m and container [32mstep-git-source-cb-kubecd-bdd-gh-1568403394-pr-tnbsw[0m
{"level":"warn","ts":1568403757.1782832,"logger":"fallback-logger","caller":"logging/config.go:69","msg":"Fetch GitHub commit ID from kodata failed: \"ref: refs/heads/master\" is not a valid GitHub commit ID"}
{"level":"info","ts":1568403759.286523,"logger":"fallback-logger","caller":"git/git.go:102","msg":"Successfully cloned https://github.com/cb-kubecd/bdd-gh-1568403394.git @ master in path /workspace/source"}

Showing logs for build [32mcb-kubecd-bdd-gh-1568403394-pr-1[0m stage [32mfrom-build-pack[0m and container [32mstep-git-merge[0m
Using SHAs from PULL_REFS=master:c174fd889cc8b934004367bdd628f9018c7905c4,1:37cd5869d306d8cb8e2f37a1de975efc27ce5dd3
DEBUG: ran git fetch --unshallow origin 37cd5869d306d8cb8e2f37a1de975efc27ce5dd3: c174fd889cc8b934004367bdd628f9018c7905c4: in 
DEBUG: ran git checkout master in 
DEBUG: ran git reset --hard c174fd889cc8b934004367bdd628f9018c7905c4 in 
DEBUG: ran clean --force -d . in 
DEBUG: ran git merge 37cd5869d306d8cb8e2f37a1de975efc27ce5dd3 in 
Merged SHA 37cd5869d306d8cb8e2f37a1de975efc27ce5dd3 with commit message 'My first PR commit' into base branch master

Showing logs for build [32mcb-kubecd-bdd-gh-1568403394-pr-1[0m stage [32mfrom-build-pack[0m and container [32mstep-build-make-linux[0m
CGO_ENABLED=0 GOOS=linux GOARCH=amd64 GO15VENDOREXPERIMENT=1 go build -ldflags '' -o bin/bdd-gh-1568403394 main.go

Showing logs for build [32mcb-kubecd-bdd-gh-1568403394-pr-1[0m stage [32mfrom-build-pack[0m and container [32mstep-build-container-build[0m
[36mINFO[0m[0000] No base image, nothing to extract            
[36mINFO[0m[0000] cmd: EXPOSE                                  
[36mINFO[0m[0000] Adding exposed port: 8080/tcp                
[36mINFO[0m[0000] Using files from context: [/workspace/source/bin] 
[36mINFO[0m[0000] Skipping unpacking as no commands require it. 
[36mINFO[0m[0000] Taking snapshot of full filesystem...        
[36mINFO[0m[0000] EXPOSE 8080                                  
[36mINFO[0m[0000] cmd: EXPOSE                                  
[36mINFO[0m[0000] Adding exposed port: 8080/tcp                
[36mINFO[0m[0000] No files changed in this command, skipping snapshotting. 
[36mINFO[0m[0000] ENTRYPOINT ["/bdd-gh-1568403394"]            
[36mINFO[0m[0000] No files changed in this command, skipping snapshotting. 
[36mINFO[0m[0000] Using files from context: [/workspace/source/bin] 
[36mINFO[0m[0000] COPY ./bin/ /                                
[36mINFO[0m[0000] Taking snapshot of files...                  
2019/09/13 19:42:55 pushed blob: sha256:5b3ca0f504334e71999ce5143b11b83c1d3651c4283aec5bba4fb83dbdf9c9b6
2019/09/13 19:42:55 pushed blob: sha256:af2340f0b66430a1b6fac9f5e9186f8d53e8b836db17ec53491c27b9a6f19931
2019/09/13 19:42:57 gcr.io/jenkins-x-bdd3/bdd-gh-1568403394:0.0.0-SNAPSHOT-PR-1-1: digest: sha256:ca5321cc39fbb1843539a1010e2028a921ae0368067934b4f33a171da228beae size: 428

Showing logs for build [32mcb-kubecd-bdd-gh-1568403394-pr-1[0m stage [32mfrom-build-pack[0m and container [32mstep-postbuild-post-build[0m
no CVE provider running in the current ** namespace so skip adding image to be analysed

Showing logs for build [32mcb-kubecd-bdd-gh-1568403394-pr-1[0m stage [32mfrom-build-pack[0m and container [32mstep-promote-make-preview[0m
sed -i -e "s/version:.*/version: 0.0.0-SNAPSHOT-PR-1-1/" Chart.yaml
sed -i -e "s/version:.*/version: 0.0.0-SNAPSHOT-PR-1-1/" ../*/Chart.yaml
sed -i -e "s|repository:.*|repository: gcr.io\/jenkins-x-bdd3\/bdd-gh-1568403394|" values.yaml
sed -i -e "s/tag:.*/tag: 0.0.0-SNAPSHOT-PR-1-1/" values.yaml
echo "  version: 0.0.0-SNAPSHOT-PR-1-1" >> requirements.yaml
** step helm build
WARNING: No $CHART_REPOSITORY defined so using the default value of: http://jenkins-x-chartmuseum:8080
Adding missing Helm repo: storage.googleapis.com https://storage.googleapis.com/chartmuseum.jenkins-x.io
Successfully added Helm repository storage.googleapis.com.
Adding missing Helm repo: jenkins-x-chartmuseum http://jenkins-x-chartmuseum:8080
Successfully added Helm repository jenkins-x-chartmuseum.
WARNING: No $CHART_REPOSITORY defined so using the default value of: http://jenkins-x-chartmuseum:8080
Adding missing Helm repo: chartmuseum.jenkins-x.io http://chartmuseum.jenkins-x.io
Successfully added Helm repository chartmuseum.jenkins-x.io.

Showing logs for build [32mcb-kubecd-bdd-gh-1568403394-pr-1[0m stage [32mfrom-build-pack[0m and container [32mstep-promote-jx-preview[0m
Creating a preview
WARNING: No author for commit: 37cd5869d306d8cb8e2f37a1de975efc27ce5dd3
Created environment cb-kubecd-bdd-gh-1568403394-pr-1
Namespace **-cb-kubecd-bdd-gh-1568403394-pr-1 created 
expose:
  Annotations:
    helm.sh/hook: post-install,post-upgrade
    helm.sh/hook-delete-policy: hook-succeeded
  config:
    domain: 35.195.31.99.nip.io
    exposer: Ingress
    http: "true"
preview:
  image:
    repository: gcr.io/jenkins-x-bdd3/bdd-gh-1568403394
    tag: 0.0.0-SNAPSHOT-PR-1-1
Deleting and cloning the Jenkins X versions repo
Cloning the Jenkins X versions repo https://github.com/jenkins-x/jenkins-x-versions.git with ref refs/heads/master to /builder/home/.**/jenkins-x-versions


Updating PipelineActivities cb-kubecd-bdd-gh-1568403394-pr-1-1 which has status Running
Preview application is now available at: http://bdd-gh-1568403394.**-cb-kubecd-bdd-gh-1568403394-pr-1.35.195.31.99.nip.io
